Arguments: 
  C:\Program Files\nodejs\node.exe C:\Users\Rajesh\AppData\Roaming\npm\node_modules\yarn\bin\yarn.js add gh-pages

PATH: 
  C:\Python38\Scripts\;C:\Python38\;C:\ProgramData\Oracle\Java\javapath;C:\Program Files (x86)\Intel\TXE Components\TCS\;C:\Program Files\Intel\TXE Components\TCS\;C:\WINDOWS\system32;C:\WINDOWS;C:\WINDOWS\System32\Wbem;C:\WINDOWS\System32\WindowsPowerShell\v1.0\;C:\Program Files\Intel\TXE Components\DAL\;C:\Program Files (x86)\Intel\TXE Components\DAL\;C:\Program Files\Intel\TXE Components\IPT\;C:\Program Files (x86)\Intel\TXE Components\IPT\;C:\Program Files\Java\jdk1.8.0_161\bin\;C:\Program Files\Java\jre1.8.0_161\;C:\WINDOWS\System32\OpenSSH\;"C:\Program Files\Java\jre1.8.0_201\lib\ext\mysql-connector-java-8.0.15.jar;";C:\Users\Rajesh\AppData\Roaming\Microsoft\Windows\Start Menu\Programs\Python 3.8\;C:\Program Files\PuTTY\;C:\Program Files\Java\jdk-13.0.2\bin\;C:\Program Files\Git\cmd;C:\Program Files\nodejs\;C:\ProgramData\chocolatey\bin;C:\Users\Rajesh\AppData\Local\Programs\Python\Python38-32\Scripts\;C:\Users\Rajesh\AppData\Local\Programs\Python\Python38-32\;C:\Users\Rajesh\AppData\Local\Microsoft\WindowsApps;;C:\Users\Rajesh\AppData\Local\Programs\Microsoft VS Code\bin;C:\Users\Rajesh\AppData\Roaming\npm

Yarn version: 
  1.22.5

Node version: 
  12.18.3

Platform: 
  win32 x64

Trace: 
  Error: EPERM: operation not permitted, unlink 'C:\Users\Rajesh\Desktop\Projects\cov19\node_modules\@material-ui\core\esm\AccordionSummary'

npm manifest: 
  {
    "name": "cov19",
    "version": "0.1.0",
    "private": true,
    "dependencies": {
      "@testing-library/jest-dom": "^4.2.4",
      "@testing-library/react": "^9.5.0",
      "@testing-library/user-event": "^7.2.1",
      "react": "^16.13.1",
      "react-dom": "^16.13.1",
      "react-scripts": "3.4.3"
    },
    "scripts": {
      "start": "react-scripts start",
      "build": "react-scripts build",
      "test": "react-scripts test",
      "eject": "react-scripts eject"
    },
    "eslintConfig": {
      "extends": "react-app"
    },
    "browserslist": {
      "production": [
        ">0.2%",
        "not dead",
        "not op_mini all"
      ],
      "development": [
        "last 1 chrome version",
        "last 1 firefox version",
        "last 1 safari version"
      ]
    }
  }

yarn manifest: 
  No manifest

Lockfile: 
  No lockfile
